<?xml version="1.0" encoding="UTF-8"?>
<!-- Generated by org.testng.reporters.JUnitXMLReporter -->
<testsuite ignored="0" hostname="Kieu-Nguyen" failures="0" tests="4" name="Test" time="2.777" errors="0" timestamp="2024-12-02T22:21:09 EST">
  <testcase classname="api.test.UserTest2" name="testPostUser" time="1.544"/>
  <testcase classname="api.test.UserTest2" name="testGetUserByName" time="0.159"/>
  <testcase classname="api.test.UserTest2" name="testUpdateUserByName" time="0.241"/>
  <testcase classname="api.test.UserTest2" name="testDeleteUserByName" time="0.117"/>
</testsuite> <!-- Test -->
