<?xml version="1.0" encoding="UTF-8"?>
<!-- Generated by org.testng.reporters.JUnitXMLReporter -->
<testsuite ignored="0" hostname="Kieu-Nguyen" failures="0" tests="6" name="Default test" time="3.111" errors="0" timestamp="2024-12-01T23:22:55 EST">
  <testcase classname="api.test.DDTest" name="testDeleteUserByName" time="1.134"/>
  <testcase classname="api.test.DDTest" name="testDeleteUserByName" time="0.126"/>
  <testcase classname="api.test.DDTest" name="testDeleteUserByName" time="0.121"/>
  <testcase classname="api.test.DDTest" name="testPostUser" time="0.332"/>
  <testcase classname="api.test.DDTest" name="testPostUser" time="0.119"/>
  <testcase classname="api.test.DDTest" name="testPostUser" time="0.138"/>
</testsuite> <!-- Default test -->
