<?xml version="1.0" encoding="UTF-8"?>
<!-- Generated by org.testng.reporters.JUnitXMLReporter -->
<testsuite ignored="0" hostname="Kieu-Nguyen" failures="0" tests="4" name="Test" time="3.919" errors="0" timestamp="2024-12-02T23:07:04 EST">
  <testcase classname="api.test.UserTest2" name="testPostUser" time="2.178"/>
  <testcase classname="api.test.UserTest2" name="testGetUserByName" time="0.193"/>
  <testcase classname="api.test.UserTest2" name="testUpdateUserByName" time="0.283"/>
  <testcase classname="api.test.UserTest2" name="testDeleteUserByName" time="0.117"/>
</testsuite> <!-- Test -->
