<?xml version="1.0" encoding="UTF-8"?>
<!-- Generated by org.testng.reporters.JUnitXMLReporter -->
<testsuite ignored="0" hostname="Kieu-Nguyen" failures="0" tests="4" name="Test" time="2.418" errors="0" timestamp="2024-12-03T16:39:13 EST">
  <testcase classname="api.test.UserTest2" name="testPostUser" time="1.353"/>
  <testcase classname="api.test.UserTest2" name="testGetUserByName" time="0.136"/>
  <testcase classname="api.test.UserTest2" name="testUpdateUserByName" time="0.233"/>
  <testcase classname="api.test.UserTest2" name="testDeleteUserByName" time="0.119"/>
</testsuite> <!-- Test -->
