<?xml version="1.0" encoding="UTF-8"?>
<testng-results ignored="0" total="4" passed="4" failed="0" skipped="0">
  <reporter-output>
  </reporter-output>
  <suite started-at="2024-12-03T16:39:11 EST" name="UserSuite" finished-at="2024-12-03T16:39:13 EST" duration-ms="2418">
    <groups>
    </groups>
    <test started-at="2024-12-03T16:39:11 EST" name="Test" finished-at="2024-12-03T16:39:13 EST" duration-ms="2418">
      <class name="api.test.UserTest2">
        <test-method is-config="true" signature="setUp()[pri:0, instance:api.test.UserTest2@1e1a0406]" started-at="2024-12-03T16:39:11 EST" name="setUp" finished-at="2024-12-03T16:39:11 EST" duration-ms="419" status="PASS">
          <reporter-output>
          </reporter-output>
        </test-method> <!-- setUp -->
        <test-method signature="testPostUser()[pri:1, instance:api.test.UserTest2@1e1a0406]" started-at="2024-12-03T16:39:11 EST" name="testPostUser" finished-at="2024-12-03T16:39:13 EST" duration-ms="1353" status="PASS">
          <reporter-output>
          </reporter-output>
        </test-method> <!-- testPostUser -->
        <test-method signature="testGetUserByName()[pri:2, instance:api.test.UserTest2@1e1a0406]" started-at="2024-12-03T16:39:13 EST" name="testGetUserByName" finished-at="2024-12-03T16:39:13 EST" duration-ms="136" status="PASS">
          <reporter-output>
          </reporter-output>
        </test-method> <!-- testGetUserByName -->
        <test-method signature="testUpdateUserByName()[pri:3, instance:api.test.UserTest2@1e1a0406]" started-at="2024-12-03T16:39:13 EST" name="testUpdateUserByName" finished-at="2024-12-03T16:39:13 EST" duration-ms="233" status="PASS">
          <reporter-output>
          </reporter-output>
        </test-method> <!-- testUpdateUserByName -->
        <test-method signature="testDeleteUserByName()[pri:4, instance:api.test.UserTest2@1e1a0406]" started-at="2024-12-03T16:39:13 EST" name="testDeleteUserByName" finished-at="2024-12-03T16:39:13 EST" duration-ms="119" status="PASS">
          <reporter-output>
          </reporter-output>
        </test-method> <!-- testDeleteUserByName -->
      </class> <!-- api.test.UserTest2 -->
    </test> <!-- Test -->
  </suite> <!-- UserSuite -->
</testng-results>
